<?xml version="1.0" encoding="UTF-8"?>
<!-- Generated by org.testng.reporters.JUnitXMLReporter -->
<testsuite hostname="DESKTOP-AA" failures="0" tests="11" name="Command line test" time="20.984" errors="0" timestamp="19 Oct 2021 22:18:17 GMT">
  <testcase classname="Test.ChooseBrand_Test" name="select_brand" time="0.45"/>
  <testcase classname="Test.ChooseBrand_Test" name="select_brand_message" time="0.575"/>
  <testcase classname="Test.ChooseBrand_Test" name="validate_brand_contents_unsorted" time="1.595"/>
  <testcase classname="Test.ChooseBrand_Test" name="validate_total_brands" time="0.052"/>
  <testcase classname="Test.Email_Test" name="enter_Blank_Email" time="0.534"/>
  <testcase classname="Test.Email_Test" name="enter_Email" time="0.5"/>
  <testcase classname="Test.Email_Test" name="enter_Invalid_Email" time="0.464"/>
  <testcase classname="Test.Nav_Test" name="pageNavigation" time="1.216"/>
  <testcase classname="Test.PromoCode_Test" name="enter_Blank_Promo" time="0.492"/>
  <testcase classname="Test.PromoCode_Test" name="enter_Invalid_Promo" time="0.507"/>
  <testcase classname="Test.Smoke_Test" name="goToShoeStore" time="0.58"/>
</testsuite> <!-- Command line test -->
