<?xml version="1.0" encoding="UTF-8" ?>
<testsuite tests="11" failures="0" name="TestSuite" time="6.969" errors="0" skipped="0">
  <properties>
[...]
</properties>
  <testcase classname="Test.ChooseBrand_Test" name="select_brand" time="0.451"/>
  <testcase classname="Test.ChooseBrand_Test" name="select_brand_message" time="0.575"/>
  <testcase classname="Test.ChooseBrand_Test" name="validate_brand_contents_unsorted" time="1.595"/>
  <testcase classname="Test.ChooseBrand_Test" name="validate_total_brands" time="0.052"/>
  <testcase classname="Test.Email_Test" name="enter_Blank_Email" time="0.534"/>
  <testcase classname="Test.Email_Test" name="enter_Email" time="0.501"/>
  <testcase classname="Test.Email_Test" name="enter_Invalid_Email" time="0.464"/>
  <testcase classname="Test.Nav_Test" name="pageNavigation" time="1.216"/>
  <testcase classname="Test.PromoCode_Test" name="enter_Blank_Promo" time="0.493"/>
  <testcase classname="Test.PromoCode_Test" name="enter_Invalid_Promo" time="0.507"/>
  <testcase classname="Test.Smoke_Test" name="goToShoeStore" time="0.581"/>
</testsuite>